  3. kör [638012502306301533]:
	ragadozó:  kráken   (R) 23,50Kg [ 64-146]cm
	növényevő: aranyhal (N) 20,00Kg [ 87-480]cm
	a ragadozó megette a növényevőt
 10. kör [638012502306343688]:
	ragadozó:  harcsa   (R)  3,50Kg [365-451]cm
	növényevő: ponty    (N)  3,50Kg [ 71-158]cm
	nem tudnak beúszni egymás sávjába
 13. kör [638012502306343768]:
	ragadozó:  kárász   (R) 39,00Kg [ 95-263]cm
	növényevő: kráken   (N) 15,50Kg [326-599]cm
	nem tudnak beúszni egymás sávjába
 44. kör [638012502306343810]:
	ragadozó:  kráken   (R) 29,50Kg [327-473]cm
	növényevő: kárász   (N) 10,00Kg [168-497]cm
	a ragadozó megette a növényevőt
 59. kör [638012502306343869]:
	ragadozó:  kráken   (R)  3,00Kg [ 67-426]cm
	növényevő: ponty    (N)  9,00Kg [ 96-361]cm
	a ragadozó megette a növényevőt
 72. kör [638012502306343903]:
	ragadozó:  harcsa   (R)  3,50Kg [365-451]cm
	növényevő: ponty    (N) 30,50Kg [293-449]cm
	nincs kedve megenni
 78. kör [638012502306343923]:
	ragadozó:  kráken   (R) 32,45Kg [327-473]cm
	növényevő: kráken   (N) 39,50Kg [116-245]cm
	nem tudnak beúszni egymás sávjába
 82. kör [638012502306344548]:
	ragadozó:  kárász   (R) 39,00Kg [ 95-263]cm
	növényevő: keszeg   (N)  2,50Kg [359-687]cm
	nem tudnak beúszni egymás sávjába
 92. kör [638012502306344622]:
	ragadozó:  kráken   (R) 32,45Kg [327-473]cm
	növényevő: harcsa   (N)  3,00Kg [387-649]cm
	a ragadozó megette a növényevőt
 93. kör [638012502306344648]:
	ragadozó:  kráken   (R) 35,70Kg [327-473]cm
	növényevő: aranyhal (N) 39,50Kg [198-327]cm
	a ragadozó megette a növényevőt
